<?xml version="1.0" encoding="UTF-8"?>
<!-- Generated by org.testng.reporters.JUnitXMLReporter -->
<testsuite ignored="0" hostname="DESKTOP-T931FSH" failures="0" tests="3" name="Test" time="6.474" errors="0" timestamp="2023-12-04T11:12:38 CET">
  <testcase classname="tests.UserRegistrationTest" name="userCanRegisterSuccefully" time="3.347"/>
  <testcase classname="tests.UserRegistrationTest" name="registeredUserCanLogin" time="1.995"/>
  <testcase classname="tests.UserRegistrationTest" name="registeredUserCanLogout" time="0.739"/>
</testsuite> <!-- Test -->
