<?xml version="1.0" encoding="UTF-8"?>
<testng-results ignored="0" total="0" passed="0" failed="0" skipped="0">
  <reporter-output>
  </reporter-output>
  <suite started-at="2023-12-19T11:22:06 CET" name="Default suite" finished-at="2023-12-19T11:22:07 CET" duration-ms="1663">
    <groups>
      <group name="cucumber">
        <method signature="AbstractTestNGCucumberTests.runScenario(io.cucumber.testng.PickleWrapper,io.cucumber.testng.FeatureWrapper)[pri:0, instance:steps.UserRegistration@2f953efd]" name="runScenario" class="io.cucumber.testng.AbstractTestNGCucumberTests"/>
      </group> <!-- cucumber -->
    </groups>
    <test started-at="2023-12-19T11:22:06 CET" name="Default test" finished-at="2023-12-19T11:22:07 CET" duration-ms="1663">
      <class name="steps.UserRegistration">
        <test-method is-config="true" signature="startDriver(java.lang.String)[pri:0, instance:steps.UserRegistration@2f953efd]" started-at="2023-12-19T11:21:37 CET" name="startDriver" finished-at="2023-12-19T11:22:06 CET" duration-ms="28907" status="PASS">
          <params>
            <param index="0">
              <value>
                <![CDATA[chrome]]>
              </value>
            </param>
          </params>
          <reporter-output>
          </reporter-output>
        </test-method> <!-- startDriver -->
        <test-method is-config="true" signature="setUpClass(org.testng.ITestContext)[pri:0, instance:steps.UserRegistration@2f953efd]" started-at="2023-12-19T11:22:06 CET" name="setUpClass" finished-at="2023-12-19T11:22:07 CET" duration-ms="1563" status="PASS">
          <params>
            <param index="0">
              <value>
                <![CDATA[org.testng.TestRunner@1d4fb213]]>
              </value>
            </param>
          </params>
          <reporter-output>
          </reporter-output>
        </test-method> <!-- setUpClass -->
        <test-method is-config="true" signature="tearDownClass()[pri:0, instance:steps.UserRegistration@2f953efd]" started-at="2023-12-19T11:22:07 CET" name="tearDownClass" finished-at="2023-12-19T11:22:07 CET" duration-ms="10" status="PASS">
          <reporter-output>
          </reporter-output>
        </test-method> <!-- tearDownClass -->
        <test-method is-config="true" signature="close()[pri:0, instance:steps.UserRegistration@2f953efd]" started-at="2023-12-19T11:22:07 CET" name="close" finished-at="2023-12-19T11:22:08 CET" duration-ms="629" status="PASS">
          <reporter-output>
          </reporter-output>
        </test-method> <!-- close -->
      </class> <!-- steps.UserRegistration -->
    </test> <!-- Default test -->
  </suite> <!-- Default suite -->
</testng-results>
